<?xml version="1.0" encoding="UTF-8"?>
<!-- Generated by org.testng.reporters.JUnitReportReporter -->
<testsuite skipped="0" hostname="USER-PC" name="com.includeandexclude.Exclude.Test4" tests="1" failures="0" timestamp="09 Jul 2017 03:24:22 GMT" time="0.030" errors="0">
  <testcase name="check" time="0.030" classname="com.includeandexclude.Exclude.Test4"/>
</testsuite> <!-- com.includeandexclude.Exclude.Test4 -->
